GROUP,PACKAGE,CLASS,INSTRUCTION_MISSED,INSTRUCTION_COVERED,BRANCH_MISSED,BRANCH_COVERED,LINE_MISSED,LINE_COVERED,COMPLEXITY_MISSED,COMPLEXITY_COVERED,METHOD_MISSED,METHOD_COVERED
name-pronunciation-tool,com.hackathon.namepronunciationtool.service,NamePronunciationService,9,201,1,3,0,43,2,11,1,10
name-pronunciation-tool,com.hackathon.namepronunciationtool.dto,NamePronounceDto,0,50,0,0,0,17,0,10,0,10
name-pronunciation-tool,com.hackathon.namepronunciationtool.controller,UserController,0,126,0,0,0,27,0,9,0,9
name-pronunciation-tool,com.hackathon.namepronunciationtool.controller,NamePronunciationController,0,132,0,2,0,27,0,6,0,5
name-pronunciation-tool,com.hackathon.namepronunciationtool.controller,VoiceController,0,27,0,0,0,8,0,3,0,3
name-pronunciation-tool,com.hackathon.namepronunciationtool,NamePronunciationToolApplication,5,7,0,0,2,2,1,2,1,2
name-pronunciation-tool,com.hackathon.namepronunciationtool.entity,UserDetails,0,84,0,0,0,35,0,23,0,23
name-pronunciation-tool,com.hackathon.namepronunciationtool.entity,Voice,0,31,0,0,0,13,0,9,0,9
